<?xml version="1.0" encoding="UTF-8"?>
<!-- Generated by org.testng.reporters.JUnitReportReporter -->
<testsuite hostname="DESKTOP-A54I250" failures="0" tests="1" name="jenkinspractice.coforge_jenkins_nov_2025.LoginTest" time="0.006" errors="0" timestamp="2025-10-28T10:47:05 IST" skipped="0">
  <testcase classname="jenkinspractice.coforge_jenkins_nov_2025.LoginTest" name="login" time="0.006"/>
</testsuite> <!-- jenkinspractice.coforge_jenkins_nov_2025.LoginTest -->
